<?xml version="1.0" encoding="UTF-8"?>
<testsuite xmlns:xsi="http://www.w3.org/2001/XMLSchema-instance" xsi:noNamespaceSchemaLocation="https://maven.apache.org/surefire/maven-surefire-plugin/xsd/surefire-test-report.xsd" name="com.example.study.queue.StudyQueueApplicationTests" time="1.655" tests="1" errors="1" skipped="0" failures="0">
  <properties>
    <property name="sun.desktop" value="windows"/>
    <property name="awt.toolkit" value="sun.awt.windows.WToolkit"/>
    <property name="file.encoding.pkg" value="sun.io"/>
    <property name="java.specification.version" value="1.8"/>
    <property name="sun.cpu.isalist" value="amd64"/>
    <property name="sun.jnu.encoding" value="GBK"/>
    <property name="java.class.path" value="D:\code\git\study\study-queue\target\test-classes;D:\code\git\study\study-queue\target\classes;D:\Repositories\org\springframework\boot\spring-boot-starter\2.1.3.RELEASE\spring-boot-starter-2.1.3.RELEASE.jar;D:\Repositories\org\springframework\boot\spring-boot\2.1.3.RELEASE\spring-boot-2.1.3.RELEASE.jar;D:\Repositories\org\springframework\spring-context\5.1.5.RELEASE\spring-context-5.1.5.RELEASE.jar;D:\Repositories\org\springframework\boot\spring-boot-autoconfigure\2.1.3.RELEASE\spring-boot-autoconfigure-2.1.3.RELEASE.jar;D:\Repositories\org\springframework\boot\spring-boot-starter-logging\2.1.3.RELEASE\spring-boot-starter-logging-2.1.3.RELEASE.jar;D:\Repositories\ch\qos\logback\logback-classic\1.2.3\logback-classic-1.2.3.jar;D:\Repositories\ch\qos\logback\logback-core\1.2.3\logback-core-1.2.3.jar;D:\Repositories\org\apache\logging\log4j\log4j-to-slf4j\2.11.2\log4j-to-slf4j-2.11.2.jar;D:\Repositories\org\apache\logging\log4j\log4j-api\2.11.2\log4j-api-2.11.2.jar;D:\Repositories\org\slf4j\jul-to-slf4j\1.7.25\jul-to-slf4j-1.7.25.jar;D:\Repositories\javax\annotation\javax.annotation-api\1.3.2\javax.annotation-api-1.3.2.jar;D:\Repositories\org\springframework\spring-core\5.1.5.RELEASE\spring-core-5.1.5.RELEASE.jar;D:\Repositories\org\springframework\spring-jcl\5.1.5.RELEASE\spring-jcl-5.1.5.RELEASE.jar;D:\Repositories\org\yaml\snakeyaml\1.23\snakeyaml-1.23.jar;D:\Repositories\org\springframework\boot\spring-boot-starter-test\2.1.3.RELEASE\spring-boot-starter-test-2.1.3.RELEASE.jar;D:\Repositories\org\springframework\boot\spring-boot-test\2.1.3.RELEASE\spring-boot-test-2.1.3.RELEASE.jar;D:\Repositories\org\springframework\boot\spring-boot-test-autoconfigure\2.1.3.RELEASE\spring-boot-test-autoconfigure-2.1.3.RELEASE.jar;D:\Repositories\com\jayway\jsonpath\json-path\2.4.0\json-path-2.4.0.jar;D:\Repositories\net\minidev\json-smart\2.3\json-smart-2.3.jar;D:\Repositories\net\minidev\accessors-smart\1.2\accessors-smart-1.2.jar;D:\Repositories\org\ow2\asm\asm\5.0.4\asm-5.0.4.jar;D:\Repositories\org\slf4j\slf4j-api\1.7.25\slf4j-api-1.7.25.jar;D:\Repositories\junit\junit\4.12\junit-4.12.jar;D:\Repositories\org\assertj\assertj-core\3.11.1\assertj-core-3.11.1.jar;D:\Repositories\org\mockito\mockito-core\2.23.4\mockito-core-2.23.4.jar;D:\Repositories\net\bytebuddy\byte-buddy\1.9.10\byte-buddy-1.9.10.jar;D:\Repositories\net\bytebuddy\byte-buddy-agent\1.9.10\byte-buddy-agent-1.9.10.jar;D:\Repositories\org\objenesis\objenesis\2.6\objenesis-2.6.jar;D:\Repositories\org\hamcrest\hamcrest-core\1.3\hamcrest-core-1.3.jar;D:\Repositories\org\hamcrest\hamcrest-library\1.3\hamcrest-library-1.3.jar;D:\Repositories\org\skyscreamer\jsonassert\1.5.0\jsonassert-1.5.0.jar;D:\Repositories\com\vaadin\external\google\android-json\0.0.20131108.vaadin1\android-json-0.0.20131108.vaadin1.jar;D:\Repositories\org\springframework\spring-test\5.1.5.RELEASE\spring-test-5.1.5.RELEASE.jar;D:\Repositories\org\xmlunit\xmlunit-core\2.6.2\xmlunit-core-2.6.2.jar;D:\Repositories\org\springframework\kafka\spring-kafka\1.1.1.RELEASE\spring-kafka-1.1.1.RELEASE.jar;D:\Repositories\org\springframework\spring-messaging\5.1.5.RELEASE\spring-messaging-5.1.5.RELEASE.jar;D:\Repositories\org\springframework\spring-beans\5.1.5.RELEASE\spring-beans-5.1.5.RELEASE.jar;D:\Repositories\org\springframework\retry\spring-retry\1.2.4.RELEASE\spring-retry-1.2.4.RELEASE.jar;D:\Repositories\org\apache\kafka\kafka-clients\2.0.1\kafka-clients-2.0.1.jar;D:\Repositories\org\lz4\lz4-java\1.4.1\lz4-java-1.4.1.jar;D:\Repositories\org\xerial\snappy\snappy-java\1.1.7.1\snappy-java-1.1.7.1.jar;D:\Repositories\org\springframework\boot\spring-boot-starter-web\2.1.3.RELEASE\spring-boot-starter-web-2.1.3.RELEASE.jar;D:\Repositories\org\springframework\boot\spring-boot-starter-json\2.1.3.RELEASE\spring-boot-starter-json-2.1.3.RELEASE.jar;D:\Repositories\com\fasterxml\jackson\core\jackson-databind\2.9.8\jackson-databind-2.9.8.jar;D:\Repositories\com\fasterxml\jackson\core\jackson-annotations\2.9.0\jackson-annotations-2.9.0.jar;D:\Repositories\com\fasterxml\jackson\core\jackson-core\2.9.8\jackson-core-2.9.8.jar;D:\Repositories\com\fasterxml\jackson\datatype\jackson-datatype-jdk8\2.9.8\jackson-datatype-jdk8-2.9.8.jar;D:\Repositories\com\fasterxml\jackson\datatype\jackson-datatype-jsr310\2.9.8\jackson-datatype-jsr310-2.9.8.jar;D:\Repositories\com\fasterxml\jackson\module\jackson-module-parameter-names\2.9.8\jackson-module-parameter-names-2.9.8.jar;D:\Repositories\org\springframework\boot\spring-boot-starter-tomcat\2.1.3.RELEASE\spring-boot-starter-tomcat-2.1.3.RELEASE.jar;D:\Repositories\org\apache\tomcat\embed\tomcat-embed-core\9.0.16\tomcat-embed-core-9.0.16.jar;D:\Repositories\org\apache\tomcat\embed\tomcat-embed-el\9.0.16\tomcat-embed-el-9.0.16.jar;D:\Repositories\org\apache\tomcat\embed\tomcat-embed-websocket\9.0.16\tomcat-embed-websocket-9.0.16.jar;D:\Repositories\org\hibernate\validator\hibernate-validator\6.0.14.Final\hibernate-validator-6.0.14.Final.jar;D:\Repositories\javax\validation\validation-api\2.0.1.Final\validation-api-2.0.1.Final.jar;D:\Repositories\org\jboss\logging\jboss-logging\3.3.2.Final\jboss-logging-3.3.2.Final.jar;D:\Repositories\com\fasterxml\classmate\1.4.0\classmate-1.4.0.jar;D:\Repositories\org\springframework\spring-web\5.1.5.RELEASE\spring-web-5.1.5.RELEASE.jar;D:\Repositories\org\springframework\spring-webmvc\5.1.5.RELEASE\spring-webmvc-5.1.5.RELEASE.jar;D:\Repositories\org\springframework\spring-aop\5.1.5.RELEASE\spring-aop-5.1.5.RELEASE.jar;D:\Repositories\org\springframework\spring-expression\5.1.5.RELEASE\spring-expression-5.1.5.RELEASE.jar;D:\Repositories\com\wangyin\concrete\spring-boot-starter-concrete\1.1.10\spring-boot-starter-concrete-1.1.10.jar;D:\Repositories\com\wangyin\concrete\concrete-spring\1.1.10\concrete-spring-1.1.10.jar;D:\Repositories\com\wangyin\concrete\concrete-client\1.1.10\concrete-client-1.1.10.jar;D:\Repositories\com\wangyin\concrete\concrete-sdk\1.1.10\concrete-sdk-1.1.10.jar;D:\Repositories\com\google\guava\guava\15.0\guava-15.0.jar;D:\Repositories\com\googlecode\concurrent-trees\concurrent-trees\2.4.0\concurrent-trees-2.4.0.jar;D:\Repositories\com\google\http-client\google-http-client\1.20.0\google-http-client-1.20.0.jar;D:\Repositories\com\google\code\findbugs\jsr305\1.3.9\jsr305-1.3.9.jar;D:\Repositories\org\apache\httpcomponents\httpclient\4.5.7\httpclient-4.5.7.jar;D:\Repositories\commons-codec\commons-codec\1.11\commons-codec-1.11.jar;D:\Repositories\com\alibaba\fastjson\1.2.29\fastjson-1.2.29.jar;D:\Repositories\org\slf4j\jcl-over-slf4j\1.7.25\jcl-over-slf4j-1.7.25.jar;D:\Repositories\com\google\code\gson\gson\2.8.5\gson-2.8.5.jar;D:\Repositories\org\apache\commons\commons-lang3\3.0\commons-lang3-3.0.jar;D:\Repositories\org\projectlombok\lombok\1.18.6\lombok-1.18.6.jar;"/>
    <property name="java.vm.vendor" value="Oracle Corporation"/>
    <property name="sun.arch.data.model" value="64"/>
    <property name="user.variant" value=""/>
    <property name="java.vendor.url" value="http://java.oracle.com/"/>
    <property name="user.timezone" value="Asia/Shanghai"/>
    <property name="java.vm.specification.version" value="1.8"/>
    <property name="os.name" value="Windows 10"/>
    <property name="user.country" value="CN"/>
    <property name="sun.java.launcher" value="SUN_STANDARD"/>
    <property name="sun.boot.library.path" value="C:\Program Files\Java\jdk1.8.0_121\jre\bin"/>
    <property name="sun.java.command" value="C:\Users\WANGFE~1\AppData\Local\Temp\surefire4065996946074086480\surefirebooter4976662321561541943.jar C:\Users\wangfei52\AppData\Local\Temp\surefire4065996946074086480 2019-06-13T16-09-11_453-jvmRun1 surefire5952678624906626028tmp surefire_0125614928274931766tmp"/>
    <property name="surefire.test.class.path" value="D:\code\git\study\study-queue\target\test-classes;D:\code\git\study\study-queue\target\classes;D:\Repositories\org\springframework\boot\spring-boot-starter\2.1.3.RELEASE\spring-boot-starter-2.1.3.RELEASE.jar;D:\Repositories\org\springframework\boot\spring-boot\2.1.3.RELEASE\spring-boot-2.1.3.RELEASE.jar;D:\Repositories\org\springframework\spring-context\5.1.5.RELEASE\spring-context-5.1.5.RELEASE.jar;D:\Repositories\org\springframework\boot\spring-boot-autoconfigure\2.1.3.RELEASE\spring-boot-autoconfigure-2.1.3.RELEASE.jar;D:\Repositories\org\springframework\boot\spring-boot-starter-logging\2.1.3.RELEASE\spring-boot-starter-logging-2.1.3.RELEASE.jar;D:\Repositories\ch\qos\logback\logback-classic\1.2.3\logback-classic-1.2.3.jar;D:\Repositories\ch\qos\logback\logback-core\1.2.3\logback-core-1.2.3.jar;D:\Repositories\org\apache\logging\log4j\log4j-to-slf4j\2.11.2\log4j-to-slf4j-2.11.2.jar;D:\Repositories\org\apache\logging\log4j\log4j-api\2.11.2\log4j-api-2.11.2.jar;D:\Repositories\org\slf4j\jul-to-slf4j\1.7.25\jul-to-slf4j-1.7.25.jar;D:\Repositories\javax\annotation\javax.annotation-api\1.3.2\javax.annotation-api-1.3.2.jar;D:\Repositories\org\springframework\spring-core\5.1.5.RELEASE\spring-core-5.1.5.RELEASE.jar;D:\Repositories\org\springframework\spring-jcl\5.1.5.RELEASE\spring-jcl-5.1.5.RELEASE.jar;D:\Repositories\org\yaml\snakeyaml\1.23\snakeyaml-1.23.jar;D:\Repositories\org\springframework\boot\spring-boot-starter-test\2.1.3.RELEASE\spring-boot-starter-test-2.1.3.RELEASE.jar;D:\Repositories\org\springframework\boot\spring-boot-test\2.1.3.RELEASE\spring-boot-test-2.1.3.RELEASE.jar;D:\Repositories\org\springframework\boot\spring-boot-test-autoconfigure\2.1.3.RELEASE\spring-boot-test-autoconfigure-2.1.3.RELEASE.jar;D:\Repositories\com\jayway\jsonpath\json-path\2.4.0\json-path-2.4.0.jar;D:\Repositories\net\minidev\json-smart\2.3\json-smart-2.3.jar;D:\Repositories\net\minidev\accessors-smart\1.2\accessors-smart-1.2.jar;D:\Repositories\org\ow2\asm\asm\5.0.4\asm-5.0.4.jar;D:\Repositories\org\slf4j\slf4j-api\1.7.25\slf4j-api-1.7.25.jar;D:\Repositories\junit\junit\4.12\junit-4.12.jar;D:\Repositories\org\assertj\assertj-core\3.11.1\assertj-core-3.11.1.jar;D:\Repositories\org\mockito\mockito-core\2.23.4\mockito-core-2.23.4.jar;D:\Repositories\net\bytebuddy\byte-buddy\1.9.10\byte-buddy-1.9.10.jar;D:\Repositories\net\bytebuddy\byte-buddy-agent\1.9.10\byte-buddy-agent-1.9.10.jar;D:\Repositories\org\objenesis\objenesis\2.6\objenesis-2.6.jar;D:\Repositories\org\hamcrest\hamcrest-core\1.3\hamcrest-core-1.3.jar;D:\Repositories\org\hamcrest\hamcrest-library\1.3\hamcrest-library-1.3.jar;D:\Repositories\org\skyscreamer\jsonassert\1.5.0\jsonassert-1.5.0.jar;D:\Repositories\com\vaadin\external\google\android-json\0.0.20131108.vaadin1\android-json-0.0.20131108.vaadin1.jar;D:\Repositories\org\springframework\spring-test\5.1.5.RELEASE\spring-test-5.1.5.RELEASE.jar;D:\Repositories\org\xmlunit\xmlunit-core\2.6.2\xmlunit-core-2.6.2.jar;D:\Repositories\org\springframework\kafka\spring-kafka\1.1.1.RELEASE\spring-kafka-1.1.1.RELEASE.jar;D:\Repositories\org\springframework\spring-messaging\5.1.5.RELEASE\spring-messaging-5.1.5.RELEASE.jar;D:\Repositories\org\springframework\spring-beans\5.1.5.RELEASE\spring-beans-5.1.5.RELEASE.jar;D:\Repositories\org\springframework\retry\spring-retry\1.2.4.RELEASE\spring-retry-1.2.4.RELEASE.jar;D:\Repositories\org\apache\kafka\kafka-clients\2.0.1\kafka-clients-2.0.1.jar;D:\Repositories\org\lz4\lz4-java\1.4.1\lz4-java-1.4.1.jar;D:\Repositories\org\xerial\snappy\snappy-java\1.1.7.1\snappy-java-1.1.7.1.jar;D:\Repositories\org\springframework\boot\spring-boot-starter-web\2.1.3.RELEASE\spring-boot-starter-web-2.1.3.RELEASE.jar;D:\Repositories\org\springframework\boot\spring-boot-starter-json\2.1.3.RELEASE\spring-boot-starter-json-2.1.3.RELEASE.jar;D:\Repositories\com\fasterxml\jackson\core\jackson-databind\2.9.8\jackson-databind-2.9.8.jar;D:\Repositories\com\fasterxml\jackson\core\jackson-annotations\2.9.0\jackson-annotations-2.9.0.jar;D:\Repositories\com\fasterxml\jackson\core\jackson-core\2.9.8\jackson-core-2.9.8.jar;D:\Repositories\com\fasterxml\jackson\datatype\jackson-datatype-jdk8\2.9.8\jackson-datatype-jdk8-2.9.8.jar;D:\Repositories\com\fasterxml\jackson\datatype\jackson-datatype-jsr310\2.9.8\jackson-datatype-jsr310-2.9.8.jar;D:\Repositories\com\fasterxml\jackson\module\jackson-module-parameter-names\2.9.8\jackson-module-parameter-names-2.9.8.jar;D:\Repositories\org\springframework\boot\spring-boot-starter-tomcat\2.1.3.RELEASE\spring-boot-starter-tomcat-2.1.3.RELEASE.jar;D:\Repositories\org\apache\tomcat\embed\tomcat-embed-core\9.0.16\tomcat-embed-core-9.0.16.jar;D:\Repositories\org\apache\tomcat\embed\tomcat-embed-el\9.0.16\tomcat-embed-el-9.0.16.jar;D:\Repositories\org\apache\tomcat\embed\tomcat-embed-websocket\9.0.16\tomcat-embed-websocket-9.0.16.jar;D:\Repositories\org\hibernate\validator\hibernate-validator\6.0.14.Final\hibernate-validator-6.0.14.Final.jar;D:\Repositories\javax\validation\validation-api\2.0.1.Final\validation-api-2.0.1.Final.jar;D:\Repositories\org\jboss\logging\jboss-logging\3.3.2.Final\jboss-logging-3.3.2.Final.jar;D:\Repositories\com\fasterxml\classmate\1.4.0\classmate-1.4.0.jar;D:\Repositories\org\springframework\spring-web\5.1.5.RELEASE\spring-web-5.1.5.RELEASE.jar;D:\Repositories\org\springframework\spring-webmvc\5.1.5.RELEASE\spring-webmvc-5.1.5.RELEASE.jar;D:\Repositories\org\springframework\spring-aop\5.1.5.RELEASE\spring-aop-5.1.5.RELEASE.jar;D:\Repositories\org\springframework\spring-expression\5.1.5.RELEASE\spring-expression-5.1.5.RELEASE.jar;D:\Repositories\com\wangyin\concrete\spring-boot-starter-concrete\1.1.10\spring-boot-starter-concrete-1.1.10.jar;D:\Repositories\com\wangyin\concrete\concrete-spring\1.1.10\concrete-spring-1.1.10.jar;D:\Repositories\com\wangyin\concrete\concrete-client\1.1.10\concrete-client-1.1.10.jar;D:\Repositories\com\wangyin\concrete\concrete-sdk\1.1.10\concrete-sdk-1.1.10.jar;D:\Repositories\com\google\guava\guava\15.0\guava-15.0.jar;D:\Repositories\com\googlecode\concurrent-trees\concurrent-trees\2.4.0\concurrent-trees-2.4.0.jar;D:\Repositories\com\google\http-client\google-http-client\1.20.0\google-http-client-1.20.0.jar;D:\Repositories\com\google\code\findbugs\jsr305\1.3.9\jsr305-1.3.9.jar;D:\Repositories\org\apache\httpcomponents\httpclient\4.5.7\httpclient-4.5.7.jar;D:\Repositories\commons-codec\commons-codec\1.11\commons-codec-1.11.jar;D:\Repositories\com\alibaba\fastjson\1.2.29\fastjson-1.2.29.jar;D:\Repositories\org\slf4j\jcl-over-slf4j\1.7.25\jcl-over-slf4j-1.7.25.jar;D:\Repositories\com\google\code\gson\gson\2.8.5\gson-2.8.5.jar;D:\Repositories\org\apache\commons\commons-lang3\3.0\commons-lang3-3.0.jar;D:\Repositories\org\projectlombok\lombok\1.18.6\lombok-1.18.6.jar;"/>
    <property name="sun.cpu.endian" value="little"/>
    <property name="user.home" value="C:\Users\wangfei52"/>
    <property name="user.language" value="zh"/>
    <property name="java.specification.vendor" value="Oracle Corporation"/>
    <property name="java.home" value="C:\Program Files\Java\jdk1.8.0_121\jre"/>
    <property name="basedir" value="D:\code\git\study\study-queue"/>
    <property name="file.separator" value="\"/>
    <property name="line.separator" value="&#10;"/>
    <property name="java.vm.specification.vendor" value="Oracle Corporation"/>
    <property name="java.specification.name" value="Java Platform API Specification"/>
    <property name="java.awt.graphicsenv" value="sun.awt.Win32GraphicsEnvironment"/>
    <property name="surefire.real.class.path" value="C:\Users\WANGFE~1\AppData\Local\Temp\surefire4065996946074086480\surefirebooter4976662321561541943.jar"/>
    <property name="sun.boot.class.path" value="C:\Program Files\Java\jdk1.8.0_121\jre\lib\resources.jar;C:\Program Files\Java\jdk1.8.0_121\jre\lib\rt.jar;C:\Program Files\Java\jdk1.8.0_121\jre\lib\sunrsasign.jar;C:\Program Files\Java\jdk1.8.0_121\jre\lib\jsse.jar;C:\Program Files\Java\jdk1.8.0_121\jre\lib\jce.jar;C:\Program Files\Java\jdk1.8.0_121\jre\lib\charsets.jar;C:\Program Files\Java\jdk1.8.0_121\jre\lib\jfr.jar;C:\Program Files\Java\jdk1.8.0_121\jre\classes"/>
    <property name="user.script" value=""/>
    <property name="sun.management.compiler" value="HotSpot 64-Bit Tiered Compilers"/>
    <property name="java.runtime.version" value="1.8.0_121-b13"/>
    <property name="user.name" value="wangfei52"/>
    <property name="path.separator" value=";"/>
    <property name="os.version" value="10.0"/>
    <property name="java.endorsed.dirs" value="C:\Program Files\Java\jdk1.8.0_121\jre\lib\endorsed"/>
    <property name="java.runtime.name" value="Java(TM) SE Runtime Environment"/>
    <property name="file.encoding" value="GBK"/>
    <property name="java.vm.name" value="Java HotSpot(TM) 64-Bit Server VM"/>
    <property name="localRepository" value="D:\Repositories"/>
    <property name="java.vendor.url.bug" value="http://bugreport.sun.com/bugreport/"/>
    <property name="java.io.tmpdir" value="C:\Users\WANGFE~1\AppData\Local\Temp\"/>
    <property name="java.version" value="1.8.0_121"/>
    <property name="user.dir" value="D:\code\git\study\study-queue"/>
    <property name="os.arch" value="amd64"/>
    <property name="java.vm.specification.name" value="Java Virtual Machine Specification"/>
    <property name="java.awt.printerjob" value="sun.awt.windows.WPrinterJob"/>
    <property name="idea.version2019.1.3" value="true"/>
    <property name="sun.os.patch.level" value=""/>
    <property name="java.library.path" value="C:\Program Files\Java\jdk1.8.0_121\jre\bin;C:\windows\Sun\Java\bin;C:\windows\system32;C:\windows;C:\ProgramData\Oracle\Java\javapath;C:\windows\system32;C:\windows;C:\windows\System32\Wbem;C:\windows\System32\WindowsPowerShell\v1.0\;C:\windows\System32\OpenSSH\;C:\Users\wangfei52\AppData\Local\Microsoft\WindowsApps;."/>
    <property name="java.vm.info" value="mixed mode"/>
    <property name="java.vendor" value="Oracle Corporation"/>
    <property name="java.vm.version" value="25.121-b13"/>
    <property name="java.ext.dirs" value="C:\Program Files\Java\jdk1.8.0_121\jre\lib\ext;C:\windows\Sun\Java\lib\ext"/>
    <property name="sun.io.unicode.encoding" value="UnicodeLittle"/>
    <property name="maven.repo.local" value="D:\Repositories"/>
    <property name="java.class.version" value="52.0"/>
  </properties>
  <testcase name="contextLoads" classname="com.example.study.queue.StudyQueueApplicationTests" time="0.002">
    <error message="Failed to load ApplicationContext" type="java.lang.IllegalStateException">java.lang.IllegalStateException: Failed to load ApplicationContext
Caused by: java.lang.IllegalStateException: Error processing condition on org.springframework.boot.autoconfigure.kafka.KafkaAutoConfiguration.kafkaProducerListener
Caused by: java.lang.IllegalStateException: Failed to introspect Class [org.springframework.boot.autoconfigure.kafka.KafkaAutoConfiguration] from ClassLoader [sun.misc.Launcher$AppClassLoader@4aa298b7]
Caused by: java.lang.NoClassDefFoundError: org/springframework/kafka/core/KafkaAdmin
Caused by: java.lang.ClassNotFoundException: org.springframework.kafka.core.KafkaAdmin
</error>
    <system-out><![CDATA[16:09:13.463 [main] DEBUG org.springframework.test.context.junit4.SpringJUnit4ClassRunner - SpringJUnit4ClassRunner constructor called with [class com.example.study.queue.StudyQueueApplicationTests]
16:09:13.468 [main] DEBUG org.springframework.test.context.BootstrapUtils - Instantiating CacheAwareContextLoaderDelegate from class [org.springframework.test.context.cache.DefaultCacheAwareContextLoaderDelegate]
16:09:13.474 [main] DEBUG org.springframework.test.context.BootstrapUtils - Instantiating BootstrapContext using constructor [public org.springframework.test.context.support.DefaultBootstrapContext(java.lang.Class,org.springframework.test.context.CacheAwareContextLoaderDelegate)]
16:09:13.489 [main] DEBUG org.springframework.test.context.BootstrapUtils - Instantiating TestContextBootstrapper for test class [com.example.study.queue.StudyQueueApplicationTests] from class [org.springframework.boot.test.context.SpringBootTestContextBootstrapper]
16:09:13.502 [main] INFO org.springframework.boot.test.context.SpringBootTestContextBootstrapper - Neither @ContextConfiguration nor @ContextHierarchy found for test class [com.example.study.queue.StudyQueueApplicationTests], using SpringBootContextLoader
16:09:13.505 [main] DEBUG org.springframework.test.context.support.AbstractContextLoader - Did not detect default resource location for test class [com.example.study.queue.StudyQueueApplicationTests]: class path resource [com/example/study/queue/StudyQueueApplicationTests-context.xml] does not exist
16:09:13.505 [main] DEBUG org.springframework.test.context.support.AbstractContextLoader - Did not detect default resource location for test class [com.example.study.queue.StudyQueueApplicationTests]: class path resource [com/example/study/queue/StudyQueueApplicationTestsContext.groovy] does not exist
16:09:13.505 [main] INFO org.springframework.test.context.support.AbstractContextLoader - Could not detect default resource locations for test class [com.example.study.queue.StudyQueueApplicationTests]: no resource found for suffixes {-context.xml, Context.groovy}.
16:09:13.506 [main] INFO org.springframework.test.context.support.AnnotationConfigContextLoaderUtils - Could not detect default configuration classes for test class [com.example.study.queue.StudyQueueApplicationTests]: StudyQueueApplicationTests does not declare any static, non-private, non-final, nested classes annotated with @Configuration.
16:09:13.551 [main] DEBUG org.springframework.test.context.support.ActiveProfilesUtils - Could not find an 'annotation declaring class' for annotation type [org.springframework.test.context.ActiveProfiles] and class [com.example.study.queue.StudyQueueApplicationTests]
16:09:13.620 [main] DEBUG org.springframework.context.annotation.ClassPathScanningCandidateComponentProvider - Identified candidate component class: file [D:\code\git\study\study-queue\target\classes\com\example\study\queue\StudyQueueApplication.class]
16:09:13.621 [main] INFO org.springframework.boot.test.context.SpringBootTestContextBootstrapper - Found @SpringBootConfiguration com.example.study.queue.StudyQueueApplication for test class com.example.study.queue.StudyQueueApplicationTests
16:09:13.712 [main] DEBUG org.springframework.boot.test.context.SpringBootTestContextBootstrapper - @TestExecutionListeners is not present for class [com.example.study.queue.StudyQueueApplicationTests]: using defaults.
16:09:13.714 [main] INFO org.springframework.boot.test.context.SpringBootTestContextBootstrapper - Loaded default TestExecutionListener class names from location [META-INF/spring.factories]: [org.springframework.boot.test.mock.mockito.MockitoTestExecutionListener, org.springframework.boot.test.mock.mockito.ResetMocksTestExecutionListener, org.springframework.boot.test.autoconfigure.restdocs.RestDocsTestExecutionListener, org.springframework.boot.test.autoconfigure.web.client.MockRestServiceServerResetTestExecutionListener, org.springframework.boot.test.autoconfigure.web.servlet.MockMvcPrintOnlyOnFailureTestExecutionListener, org.springframework.boot.test.autoconfigure.web.servlet.WebDriverTestExecutionListener, org.springframework.test.context.web.ServletTestExecutionListener, org.springframework.test.context.support.DirtiesContextBeforeModesTestExecutionListener, org.springframework.test.context.support.DependencyInjectionTestExecutionListener, org.springframework.test.context.support.DirtiesContextTestExecutionListener, org.springframework.test.context.transaction.TransactionalTestExecutionListener, org.springframework.test.context.jdbc.SqlScriptsTestExecutionListener]
16:09:13.724 [main] DEBUG org.springframework.boot.test.context.SpringBootTestContextBootstrapper - Skipping candidate TestExecutionListener [org.springframework.test.context.transaction.TransactionalTestExecutionListener] due to a missing dependency. Specify custom listener classes or make the default listener classes and their required dependencies available. Offending class: [org/springframework/transaction/interceptor/TransactionAttributeSource]
16:09:13.724 [main] DEBUG org.springframework.boot.test.context.SpringBootTestContextBootstrapper - Skipping candidate TestExecutionListener [org.springframework.test.context.jdbc.SqlScriptsTestExecutionListener] due to a missing dependency. Specify custom listener classes or make the default listener classes and their required dependencies available. Offending class: [org/springframework/transaction/interceptor/TransactionAttribute]
16:09:13.725 [main] INFO org.springframework.boot.test.context.SpringBootTestContextBootstrapper - Using TestExecutionListeners: [org.springframework.test.context.web.ServletTestExecutionListener@67c27493, org.springframework.test.context.support.DirtiesContextBeforeModesTestExecutionListener@1a482e36, org.springframework.boot.test.mock.mockito.MockitoTestExecutionListener@72967906, org.springframework.boot.test.autoconfigure.SpringBootDependencyInjectionTestExecutionListener@5b8dfcc1, org.springframework.test.context.support.DirtiesContextTestExecutionListener@2f9f7dcf, org.springframework.boot.test.mock.mockito.ResetMocksTestExecutionListener@747ddf94, org.springframework.boot.test.autoconfigure.restdocs.RestDocsTestExecutionListener@35e2d654, org.springframework.boot.test.autoconfigure.web.client.MockRestServiceServerResetTestExecutionListener@1bd4fdd, org.springframework.boot.test.autoconfigure.web.servlet.MockMvcPrintOnlyOnFailureTestExecutionListener@55183b20, org.springframework.boot.test.autoconfigure.web.servlet.WebDriverTestExecutionListener@4f83df68]
16:09:13.730 [main] DEBUG org.springframework.test.annotation.ProfileValueUtils - Retrieved @ProfileValueSourceConfiguration [null] for test class [com.example.study.queue.StudyQueueApplicationTests]
16:09:13.731 [main] DEBUG org.springframework.test.annotation.ProfileValueUtils - Retrieved ProfileValueSource type [class org.springframework.test.annotation.SystemProfileValueSource] for class [com.example.study.queue.StudyQueueApplicationTests]
16:09:13.732 [main] DEBUG org.springframework.test.annotation.ProfileValueUtils - Retrieved @ProfileValueSourceConfiguration [null] for test class [com.example.study.queue.StudyQueueApplicationTests]
16:09:13.732 [main] DEBUG org.springframework.test.annotation.ProfileValueUtils - Retrieved ProfileValueSource type [class org.springframework.test.annotation.SystemProfileValueSource] for class [com.example.study.queue.StudyQueueApplicationTests]
16:09:13.734 [main] DEBUG org.springframework.test.annotation.ProfileValueUtils - Retrieved @ProfileValueSourceConfiguration [null] for test class [com.example.study.queue.StudyQueueApplicationTests]
16:09:13.734 [main] DEBUG org.springframework.test.annotation.ProfileValueUtils - Retrieved ProfileValueSource type [class org.springframework.test.annotation.SystemProfileValueSource] for class [com.example.study.queue.StudyQueueApplicationTests]
16:09:13.737 [main] DEBUG org.springframework.test.context.support.AbstractDirtiesContextTestExecutionListener - Before test class: context [DefaultTestContext@7c7b252e testClass = StudyQueueApplicationTests, testInstance = [null], testMethod = [null], testException = [null], mergedContextConfiguration = [WebMergedContextConfiguration@4d5d943d testClass = StudyQueueApplicationTests, locations = '{}', classes = '{class com.example.study.queue.StudyQueueApplication}', contextInitializerClasses = '[]', activeProfiles = '{}', propertySourceLocations = '{}', propertySourceProperties = '{org.springframework.boot.test.context.SpringBootTestContextBootstrapper=true}', contextCustomizers = set[org.springframework.boot.test.context.filter.ExcludeFilterContextCustomizer@33723e30, org.springframework.boot.test.json.DuplicateJsonObjectContextCustomizerFactory$DuplicateJsonObjectContextCustomizer@7a30d1e6, org.springframework.boot.test.mock.mockito.MockitoContextCustomizer@0, org.springframework.boot.test.web.client.TestRestTemplateContextCustomizer@1990a65e, org.springframework.boot.test.autoconfigure.properties.PropertyMappingContextCustomizer@0, org.springframework.boot.test.autoconfigure.web.servlet.WebDriverContextCustomizerFactory$Customizer@481a15ff], resourceBasePath = 'src/main/webapp', contextLoader = 'org.springframework.boot.test.context.SpringBootContextLoader', parent = [null]], attributes = map['org.springframework.test.context.web.ServletTestExecutionListener.activateListener' -> true]], class annotated with @DirtiesContext [false] with mode [null].
16:09:13.738 [main] DEBUG org.springframework.test.annotation.ProfileValueUtils - Retrieved @ProfileValueSourceConfiguration [null] for test class [com.example.study.queue.StudyQueueApplicationTests]
16:09:13.738 [main] DEBUG org.springframework.test.annotation.ProfileValueUtils - Retrieved ProfileValueSource type [class org.springframework.test.annotation.SystemProfileValueSource] for class [com.example.study.queue.StudyQueueApplicationTests]
16:09:13.757 [main] DEBUG org.springframework.test.context.support.TestPropertySourceUtils - Adding inlined properties to environment: {spring.jmx.enabled=false, org.springframework.boot.test.context.SpringBootTestContextBootstrapper=true, server.port=-1}

  .   ____          _            __ _ _
 /\\ / ___'_ __ _ _(_)_ __  __ _ \ \ \ \
( ( )\___ | '_ | '_| | '_ \/ _` | \ \ \ \
 \\/  ___)| |_)| | | | | || (_| |  ) ) ) )
  '  |____| .__|_| |_|_| |_\__, | / / / /
 =========|_|==============|___/=/_/_/_/
 :: Spring Boot ::        (v2.1.3.RELEASE)

2019-06-13 16:09:14.093  INFO 12056 --- [           main] c.e.s.queue.StudyQueueApplicationTests   : Starting StudyQueueApplicationTests on JRA1W1PC0UZAYC with PID 12056 (started by wangfei52 in D:\code\git\study\study-queue)
2019-06-13 16:09:14.093  INFO 12056 --- [           main] c.e.s.queue.StudyQueueApplicationTests   : No active profile set, falling back to default profiles: default
2019-06-13 16:09:14.538  INFO 12056 --- [           main] c.w.c.spring.ConcreteConfigRegistrar     : [concrete] overload config by @EnableConcreteConfig
2019-06-13 16:09:14.559  INFO 12056 --- [           main] c.w.c.spring.ConcreteConfigRegistrar     : [concrete] overload properties over by @EnableConcreteConfig.ConcreteConfig{appid='cfab626fe62049fdae9acab346619631', tenantId='null', secret='null', paths=[/buriedType.properties], bootstrapEnabled=true, host='http://172.25.46.104:3183', interval=1, localDataRoot='.concrete'}
2019-06-13 16:09:14.874 ERROR 12056 --- [           main] o.s.boot.SpringApplication               : Application run failed

java.lang.IllegalStateException: Error processing condition on org.springframework.boot.autoconfigure.kafka.KafkaAutoConfiguration.kafkaProducerListener
	at org.springframework.boot.autoconfigure.condition.SpringBootCondition.matches(SpringBootCondition.java:64) ~[spring-boot-autoconfigure-2.1.3.RELEASE.jar:2.1.3.RELEASE]
	at org.springframework.context.annotation.ConditionEvaluator.shouldSkip(ConditionEvaluator.java:108) ~[spring-context-5.1.5.RELEASE.jar:5.1.5.RELEASE]
	at org.springframework.context.annotation.ConfigurationClassBeanDefinitionReader.loadBeanDefinitionsForBeanMethod(ConfigurationClassBeanDefinitionReader.java:181) ~[spring-context-5.1.5.RELEASE.jar:5.1.5.RELEASE]
	at org.springframework.context.annotation.ConfigurationClassBeanDefinitionReader.loadBeanDefinitionsForConfigurationClass(ConfigurationClassBeanDefinitionReader.java:141) ~[spring-context-5.1.5.RELEASE.jar:5.1.5.RELEASE]
	at org.springframework.context.annotation.ConfigurationClassBeanDefinitionReader.loadBeanDefinitions(ConfigurationClassBeanDefinitionReader.java:117) ~[spring-context-5.1.5.RELEASE.jar:5.1.5.RELEASE]
	at org.springframework.context.annotation.ConfigurationClassPostProcessor.processConfigBeanDefinitions(ConfigurationClassPostProcessor.java:327) ~[spring-context-5.1.5.RELEASE.jar:5.1.5.RELEASE]
	at org.springframework.context.annotation.ConfigurationClassPostProcessor.postProcessBeanDefinitionRegistry(ConfigurationClassPostProcessor.java:232) ~[spring-context-5.1.5.RELEASE.jar:5.1.5.RELEASE]
	at org.springframework.context.support.PostProcessorRegistrationDelegate.invokeBeanDefinitionRegistryPostProcessors(PostProcessorRegistrationDelegate.java:275) ~[spring-context-5.1.5.RELEASE.jar:5.1.5.RELEASE]
	at org.springframework.context.support.PostProcessorRegistrationDelegate.invokeBeanFactoryPostProcessors(PostProcessorRegistrationDelegate.java:95) ~[spring-context-5.1.5.RELEASE.jar:5.1.5.RELEASE]
	at org.springframework.context.support.AbstractApplicationContext.invokeBeanFactoryPostProcessors(AbstractApplicationContext.java:705) ~[spring-context-5.1.5.RELEASE.jar:5.1.5.RELEASE]
	at org.springframework.context.support.AbstractApplicationContext.refresh(AbstractApplicationContext.java:531) ~[spring-context-5.1.5.RELEASE.jar:5.1.5.RELEASE]
	at org.springframework.boot.SpringApplication.refresh(SpringApplication.java:775) ~[spring-boot-2.1.3.RELEASE.jar:2.1.3.RELEASE]
	at org.springframework.boot.SpringApplication.refreshContext(SpringApplication.java:397) ~[spring-boot-2.1.3.RELEASE.jar:2.1.3.RELEASE]
	at org.springframework.boot.SpringApplication.run(SpringApplication.java:316) ~[spring-boot-2.1.3.RELEASE.jar:2.1.3.RELEASE]
	at org.springframework.boot.test.context.SpringBootContextLoader.loadContext(SpringBootContextLoader.java:127) [spring-boot-test-2.1.3.RELEASE.jar:2.1.3.RELEASE]
	at org.springframework.test.context.cache.DefaultCacheAwareContextLoaderDelegate.loadContextInternal(DefaultCacheAwareContextLoaderDelegate.java:99) [spring-test-5.1.5.RELEASE.jar:5.1.5.RELEASE]
	at org.springframework.test.context.cache.DefaultCacheAwareContextLoaderDelegate.loadContext(DefaultCacheAwareContextLoaderDelegate.java:117) [spring-test-5.1.5.RELEASE.jar:5.1.5.RELEASE]
	at org.springframework.test.context.support.DefaultTestContext.getApplicationContext(DefaultTestContext.java:108) [spring-test-5.1.5.RELEASE.jar:5.1.5.RELEASE]
	at org.springframework.test.context.web.ServletTestExecutionListener.setUpRequestContextIfNecessary(ServletTestExecutionListener.java:190) [spring-test-5.1.5.RELEASE.jar:5.1.5.RELEASE]
	at org.springframework.test.context.web.ServletTestExecutionListener.prepareTestInstance(ServletTestExecutionListener.java:132) [spring-test-5.1.5.RELEASE.jar:5.1.5.RELEASE]
	at org.springframework.test.context.TestContextManager.prepareTestInstance(TestContextManager.java:246) [spring-test-5.1.5.RELEASE.jar:5.1.5.RELEASE]
	at org.springframework.test.context.junit4.SpringJUnit4ClassRunner.createTest(SpringJUnit4ClassRunner.java:227) [spring-test-5.1.5.RELEASE.jar:5.1.5.RELEASE]
	at org.springframework.test.context.junit4.SpringJUnit4ClassRunner$1.runReflectiveCall(SpringJUnit4ClassRunner.java:289) [spring-test-5.1.5.RELEASE.jar:5.1.5.RELEASE]
	at org.junit.internal.runners.model.ReflectiveCallable.run(ReflectiveCallable.java:12) [junit-4.12.jar:4.12]
	at org.springframework.test.context.junit4.SpringJUnit4ClassRunner.methodBlock(SpringJUnit4ClassRunner.java:291) [spring-test-5.1.5.RELEASE.jar:5.1.5.RELEASE]
	at org.springframework.test.context.junit4.SpringJUnit4ClassRunner.runChild(SpringJUnit4ClassRunner.java:246) [spring-test-5.1.5.RELEASE.jar:5.1.5.RELEASE]
	at org.springframework.test.context.junit4.SpringJUnit4ClassRunner.runChild(SpringJUnit4ClassRunner.java:97) [spring-test-5.1.5.RELEASE.jar:5.1.5.RELEASE]
	at org.junit.runners.ParentRunner$3.run(ParentRunner.java:290) [junit-4.12.jar:4.12]
	at org.junit.runners.ParentRunner$1.schedule(ParentRunner.java:71) [junit-4.12.jar:4.12]
	at org.junit.runners.ParentRunner.runChildren(ParentRunner.java:288) [junit-4.12.jar:4.12]
	at org.junit.runners.ParentRunner.access$000(ParentRunner.java:58) [junit-4.12.jar:4.12]
	at org.junit.runners.ParentRunner$2.evaluate(ParentRunner.java:268) [junit-4.12.jar:4.12]
	at org.springframework.test.context.junit4.statements.RunBeforeTestClassCallbacks.evaluate(RunBeforeTestClassCallbacks.java:61) [spring-test-5.1.5.RELEASE.jar:5.1.5.RELEASE]
	at org.springframework.test.context.junit4.statements.RunAfterTestClassCallbacks.evaluate(RunAfterTestClassCallbacks.java:70) [spring-test-5.1.5.RELEASE.jar:5.1.5.RELEASE]
	at org.junit.runners.ParentRunner.run(ParentRunner.java:363) [junit-4.12.jar:4.12]
	at org.springframework.test.context.junit4.SpringJUnit4ClassRunner.run(SpringJUnit4ClassRunner.java:190) [spring-test-5.1.5.RELEASE.jar:5.1.5.RELEASE]
	at org.apache.maven.surefire.junit4.JUnit4Provider.execute(JUnit4Provider.java:365) [surefire-junit4-2.22.1.jar:2.22.1]
	at org.apache.maven.surefire.junit4.JUnit4Provider.executeWithRerun(JUnit4Provider.java:273) [surefire-junit4-2.22.1.jar:2.22.1]
	at org.apache.maven.surefire.junit4.JUnit4Provider.executeTestSet(JUnit4Provider.java:238) [surefire-junit4-2.22.1.jar:2.22.1]
	at org.apache.maven.surefire.junit4.JUnit4Provider.invoke(JUnit4Provider.java:159) [surefire-junit4-2.22.1.jar:2.22.1]
	at org.apache.maven.surefire.booter.ForkedBooter.invokeProviderInSameClassLoader(ForkedBooter.java:384) [surefire-booter-2.22.1.jar:2.22.1]
	at org.apache.maven.surefire.booter.ForkedBooter.runSuitesInProcess(ForkedBooter.java:345) [surefire-booter-2.22.1.jar:2.22.1]
	at org.apache.maven.surefire.booter.ForkedBooter.execute(ForkedBooter.java:126) [surefire-booter-2.22.1.jar:2.22.1]
	at org.apache.maven.surefire.booter.ForkedBooter.main(ForkedBooter.java:418) [surefire-booter-2.22.1.jar:2.22.1]
Caused by: java.lang.IllegalStateException: Failed to introspect Class [org.springframework.boot.autoconfigure.kafka.KafkaAutoConfiguration] from ClassLoader [sun.misc.Launcher$AppClassLoader@4aa298b7]
	at org.springframework.util.ReflectionUtils.getDeclaredMethods(ReflectionUtils.java:686) ~[spring-core-5.1.5.RELEASE.jar:5.1.5.RELEASE]
	at org.springframework.util.ReflectionUtils.doWithMethods(ReflectionUtils.java:583) ~[spring-core-5.1.5.RELEASE.jar:5.1.5.RELEASE]
	at org.springframework.util.ReflectionUtils.doWithMethods(ReflectionUtils.java:568) ~[spring-core-5.1.5.RELEASE.jar:5.1.5.RELEASE]
	at org.springframework.util.ReflectionUtils.getUniqueDeclaredMethods(ReflectionUtils.java:626) ~[spring-core-5.1.5.RELEASE.jar:5.1.5.RELEASE]
	at java.util.concurrent.ConcurrentHashMap.computeIfAbsent(ConcurrentHashMap.java:1688) ~[na:1.8.0_121]
	at org.springframework.beans.factory.support.AbstractAutowireCapableBeanFactory.getTypeForFactoryMethod(AbstractAutowireCapableBeanFactory.java:738) ~[spring-beans-5.1.5.RELEASE.jar:5.1.5.RELEASE]
	at org.springframework.beans.factory.support.AbstractAutowireCapableBeanFactory.determineTargetType(AbstractAutowireCapableBeanFactory.java:679) ~[spring-beans-5.1.5.RELEASE.jar:5.1.5.RELEASE]
	at org.springframework.beans.factory.support.AbstractAutowireCapableBeanFactory.predictBeanType(AbstractAutowireCapableBeanFactory.java:647) ~[spring-beans-5.1.5.RELEASE.jar:5.1.5.RELEASE]
	at org.springframework.beans.factory.support.AbstractBeanFactory.isFactoryBean(AbstractBeanFactory.java:1518) ~[spring-beans-5.1.5.RELEASE.jar:5.1.5.RELEASE]
	at org.springframework.beans.factory.support.AbstractBeanFactory.isFactoryBean(AbstractBeanFactory.java:1023) ~[spring-beans-5.1.5.RELEASE.jar:5.1.5.RELEASE]
	at org.springframework.boot.autoconfigure.condition.BeanTypeRegistry.addBeanTypeForNonAliasDefinition(BeanTypeRegistry.java:195) ~[spring-boot-autoconfigure-2.1.3.RELEASE.jar:2.1.3.RELEASE]
	at org.springframework.boot.autoconfigure.condition.BeanTypeRegistry.addBeanTypeForNonAliasDefinition(BeanTypeRegistry.java:159) ~[spring-boot-autoconfigure-2.1.3.RELEASE.jar:2.1.3.RELEASE]
	at org.springframework.boot.autoconfigure.condition.BeanTypeRegistry.addBeanType(BeanTypeRegistry.java:152) ~[spring-boot-autoconfigure-2.1.3.RELEASE.jar:2.1.3.RELEASE]
	at org.springframework.boot.autoconfigure.condition.BeanTypeRegistry.updateTypesIfNecessary(BeanTypeRegistry.java:140) ~[spring-boot-autoconfigure-2.1.3.RELEASE.jar:2.1.3.RELEASE]
	at java.util.Iterator.forEachRemaining(Iterator.java:116) ~[na:1.8.0_121]
	at org.springframework.boot.autoconfigure.condition.BeanTypeRegistry.updateTypesIfNecessary(BeanTypeRegistry.java:135) ~[spring-boot-autoconfigure-2.1.3.RELEASE.jar:2.1.3.RELEASE]
	at org.springframework.boot.autoconfigure.condition.BeanTypeRegistry.getNamesForType(BeanTypeRegistry.java:97) ~[spring-boot-autoconfigure-2.1.3.RELEASE.jar:2.1.3.RELEASE]
	at org.springframework.boot.autoconfigure.condition.OnBeanCondition.collectBeanNamesForType(OnBeanCondition.java:298) ~[spring-boot-autoconfigure-2.1.3.RELEASE.jar:2.1.3.RELEASE]
	at org.springframework.boot.autoconfigure.condition.OnBeanCondition.getBeanNamesForType(OnBeanCondition.java:289) ~[spring-boot-autoconfigure-2.1.3.RELEASE.jar:2.1.3.RELEASE]
	at org.springframework.boot.autoconfigure.condition.OnBeanCondition.getBeanNamesForType(OnBeanCondition.java:278) ~[spring-boot-autoconfigure-2.1.3.RELEASE.jar:2.1.3.RELEASE]
	at org.springframework.boot.autoconfigure.condition.OnBeanCondition.getMatchingBeans(OnBeanCondition.java:189) ~[spring-boot-autoconfigure-2.1.3.RELEASE.jar:2.1.3.RELEASE]
	at org.springframework.boot.autoconfigure.condition.OnBeanCondition.getMatchOutcome(OnBeanCondition.java:160) ~[spring-boot-autoconfigure-2.1.3.RELEASE.jar:2.1.3.RELEASE]
	at org.springframework.boot.autoconfigure.condition.SpringBootCondition.matches(SpringBootCondition.java:47) ~[spring-boot-autoconfigure-2.1.3.RELEASE.jar:2.1.3.RELEASE]
	... 43 common frames omitted
Caused by: java.lang.NoClassDefFoundError: org/springframework/kafka/core/KafkaAdmin
	at java.lang.Class.getDeclaredMethods0(Native Method) ~[na:1.8.0_121]
	at java.lang.Class.privateGetDeclaredMethods(Class.java:2701) ~[na:1.8.0_121]
	at java.lang.Class.getDeclaredMethods(Class.java:1975) ~[na:1.8.0_121]
	at org.springframework.util.ReflectionUtils.getDeclaredMethods(ReflectionUtils.java:668) ~[spring-core-5.1.5.RELEASE.jar:5.1.5.RELEASE]
	... 65 common frames omitted
Caused by: java.lang.ClassNotFoundException: org.springframework.kafka.core.KafkaAdmin
	at java.net.URLClassLoader.findClass(URLClassLoader.java:381) ~[na:1.8.0_121]
	at java.lang.ClassLoader.loadClass(ClassLoader.java:424) ~[na:1.8.0_121]
	at sun.misc.Launcher$AppClassLoader.loadClass(Launcher.java:331) ~[na:1.8.0_121]
	at java.lang.ClassLoader.loadClass(ClassLoader.java:357) ~[na:1.8.0_121]
	... 69 common frames omitted

2019-06-13 16:09:14.885  WARN 12056 --- [           main] o.s.boot.SpringApplication               : Unable to close ApplicationContext

java.lang.IllegalStateException: Failed to introspect Class [org.springframework.boot.autoconfigure.kafka.KafkaAutoConfiguration] from ClassLoader [sun.misc.Launcher$AppClassLoader@4aa298b7]
	at org.springframework.util.ReflectionUtils.getDeclaredMethods(ReflectionUtils.java:686) ~[spring-core-5.1.5.RELEASE.jar:5.1.5.RELEASE]
	at org.springframework.util.ReflectionUtils.doWithMethods(ReflectionUtils.java:583) ~[spring-core-5.1.5.RELEASE.jar:5.1.5.RELEASE]
	at org.springframework.util.ReflectionUtils.doWithMethods(ReflectionUtils.java:568) ~[spring-core-5.1.5.RELEASE.jar:5.1.5.RELEASE]
	at org.springframework.util.ReflectionUtils.getUniqueDeclaredMethods(ReflectionUtils.java:626) ~[spring-core-5.1.5.RELEASE.jar:5.1.5.RELEASE]
	at java.util.concurrent.ConcurrentHashMap.computeIfAbsent(ConcurrentHashMap.java:1688) ~[na:1.8.0_121]
	at org.springframework.beans.factory.support.AbstractAutowireCapableBeanFactory.getTypeForFactoryMethod(AbstractAutowireCapableBeanFactory.java:738) ~[spring-beans-5.1.5.RELEASE.jar:5.1.5.RELEASE]
	at org.springframework.beans.factory.support.AbstractAutowireCapableBeanFactory.determineTargetType(AbstractAutowireCapableBeanFactory.java:679) ~[spring-beans-5.1.5.RELEASE.jar:5.1.5.RELEASE]
	at org.springframework.beans.factory.support.AbstractAutowireCapableBeanFactory.predictBeanType(AbstractAutowireCapableBeanFactory.java:647) ~[spring-beans-5.1.5.RELEASE.jar:5.1.5.RELEASE]
	at org.springframework.beans.factory.support.AbstractBeanFactory.isFactoryBean(AbstractBeanFactory.java:1518) ~[spring-beans-5.1.5.RELEASE.jar:5.1.5.RELEASE]
	at org.springframework.beans.factory.support.DefaultListableBeanFactory.doGetBeanNamesForType(DefaultListableBeanFactory.java:507) ~[spring-beans-5.1.5.RELEASE.jar:5.1.5.RELEASE]
	at org.springframework.beans.factory.support.DefaultListableBeanFactory.getBeanNamesForType(DefaultListableBeanFactory.java:477) ~[spring-beans-5.1.5.RELEASE.jar:5.1.5.RELEASE]
	at org.springframework.beans.factory.support.DefaultListableBeanFactory.getBeansOfType(DefaultListableBeanFactory.java:598) ~[spring-beans-5.1.5.RELEASE.jar:5.1.5.RELEASE]
	at org.springframework.beans.factory.support.DefaultListableBeanFactory.getBeansOfType(DefaultListableBeanFactory.java:590) ~[spring-beans-5.1.5.RELEASE.jar:5.1.5.RELEASE]
	at org.springframework.context.support.AbstractApplicationContext.getBeansOfType(AbstractApplicationContext.java:1226) ~[spring-context-5.1.5.RELEASE.jar:5.1.5.RELEASE]
	at org.springframework.boot.SpringApplication.getExitCodeFromMappedException(SpringApplication.java:905) [spring-boot-2.1.3.RELEASE.jar:2.1.3.RELEASE]
	at org.springframework.boot.SpringApplication.getExitCodeFromException(SpringApplication.java:891) [spring-boot-2.1.3.RELEASE.jar:2.1.3.RELEASE]
	at org.springframework.boot.SpringApplication.handleExitCode(SpringApplication.java:877) [spring-boot-2.1.3.RELEASE.jar:2.1.3.RELEASE]
	at org.springframework.boot.SpringApplication.handleRunFailure(SpringApplication.java:826) [spring-boot-2.1.3.RELEASE.jar:2.1.3.RELEASE]
	at org.springframework.boot.SpringApplication.run(SpringApplication.java:327) [spring-boot-2.1.3.RELEASE.jar:2.1.3.RELEASE]
	at org.springframework.boot.test.context.SpringBootContextLoader.loadContext(SpringBootContextLoader.java:127) [spring-boot-test-2.1.3.RELEASE.jar:2.1.3.RELEASE]
	at org.springframework.test.context.cache.DefaultCacheAwareContextLoaderDelegate.loadContextInternal(DefaultCacheAwareContextLoaderDelegate.java:99) [spring-test-5.1.5.RELEASE.jar:5.1.5.RELEASE]
	at org.springframework.test.context.cache.DefaultCacheAwareContextLoaderDelegate.loadContext(DefaultCacheAwareContextLoaderDelegate.java:117) [spring-test-5.1.5.RELEASE.jar:5.1.5.RELEASE]
	at org.springframework.test.context.support.DefaultTestContext.getApplicationContext(DefaultTestContext.java:108) [spring-test-5.1.5.RELEASE.jar:5.1.5.RELEASE]
	at org.springframework.test.context.web.ServletTestExecutionListener.setUpRequestContextIfNecessary(ServletTestExecutionListener.java:190) [spring-test-5.1.5.RELEASE.jar:5.1.5.RELEASE]
	at org.springframework.test.context.web.ServletTestExecutionListener.prepareTestInstance(ServletTestExecutionListener.java:132) [spring-test-5.1.5.RELEASE.jar:5.1.5.RELEASE]
	at org.springframework.test.context.TestContextManager.prepareTestInstance(TestContextManager.java:246) [spring-test-5.1.5.RELEASE.jar:5.1.5.RELEASE]
	at org.springframework.test.context.junit4.SpringJUnit4ClassRunner.createTest(SpringJUnit4ClassRunner.java:227) [spring-test-5.1.5.RELEASE.jar:5.1.5.RELEASE]
	at org.springframework.test.context.junit4.SpringJUnit4ClassRunner$1.runReflectiveCall(SpringJUnit4ClassRunner.java:289) [spring-test-5.1.5.RELEASE.jar:5.1.5.RELEASE]
	at org.junit.internal.runners.model.ReflectiveCallable.run(ReflectiveCallable.java:12) [junit-4.12.jar:4.12]
	at org.springframework.test.context.junit4.SpringJUnit4ClassRunner.methodBlock(SpringJUnit4ClassRunner.java:291) [spring-test-5.1.5.RELEASE.jar:5.1.5.RELEASE]
	at org.springframework.test.context.junit4.SpringJUnit4ClassRunner.runChild(SpringJUnit4ClassRunner.java:246) [spring-test-5.1.5.RELEASE.jar:5.1.5.RELEASE]
	at org.springframework.test.context.junit4.SpringJUnit4ClassRunner.runChild(SpringJUnit4ClassRunner.java:97) [spring-test-5.1.5.RELEASE.jar:5.1.5.RELEASE]
	at org.junit.runners.ParentRunner$3.run(ParentRunner.java:290) [junit-4.12.jar:4.12]
	at org.junit.runners.ParentRunner$1.schedule(ParentRunner.java:71) [junit-4.12.jar:4.12]
	at org.junit.runners.ParentRunner.runChildren(ParentRunner.java:288) [junit-4.12.jar:4.12]
	at org.junit.runners.ParentRunner.access$000(ParentRunner.java:58) [junit-4.12.jar:4.12]
	at org.junit.runners.ParentRunner$2.evaluate(ParentRunner.java:268) [junit-4.12.jar:4.12]
	at org.springframework.test.context.junit4.statements.RunBeforeTestClassCallbacks.evaluate(RunBeforeTestClassCallbacks.java:61) [spring-test-5.1.5.RELEASE.jar:5.1.5.RELEASE]
	at org.springframework.test.context.junit4.statements.RunAfterTestClassCallbacks.evaluate(RunAfterTestClassCallbacks.java:70) [spring-test-5.1.5.RELEASE.jar:5.1.5.RELEASE]
	at org.junit.runners.ParentRunner.run(ParentRunner.java:363) [junit-4.12.jar:4.12]
	at org.springframework.test.context.junit4.SpringJUnit4ClassRunner.run(SpringJUnit4ClassRunner.java:190) [spring-test-5.1.5.RELEASE.jar:5.1.5.RELEASE]
	at org.apache.maven.surefire.junit4.JUnit4Provider.execute(JUnit4Provider.java:365) [surefire-junit4-2.22.1.jar:2.22.1]
	at org.apache.maven.surefire.junit4.JUnit4Provider.executeWithRerun(JUnit4Provider.java:273) [surefire-junit4-2.22.1.jar:2.22.1]
	at org.apache.maven.surefire.junit4.JUnit4Provider.executeTestSet(JUnit4Provider.java:238) [surefire-junit4-2.22.1.jar:2.22.1]
	at org.apache.maven.surefire.junit4.JUnit4Provider.invoke(JUnit4Provider.java:159) [surefire-junit4-2.22.1.jar:2.22.1]
	at org.apache.maven.surefire.booter.ForkedBooter.invokeProviderInSameClassLoader(ForkedBooter.java:384) [surefire-booter-2.22.1.jar:2.22.1]
	at org.apache.maven.surefire.booter.ForkedBooter.runSuitesInProcess(ForkedBooter.java:345) [surefire-booter-2.22.1.jar:2.22.1]
	at org.apache.maven.surefire.booter.ForkedBooter.execute(ForkedBooter.java:126) [surefire-booter-2.22.1.jar:2.22.1]
	at org.apache.maven.surefire.booter.ForkedBooter.main(ForkedBooter.java:418) [surefire-booter-2.22.1.jar:2.22.1]
Caused by: java.lang.NoClassDefFoundError: org/springframework/kafka/core/KafkaAdmin
	at java.lang.Class.getDeclaredMethods0(Native Method) ~[na:1.8.0_121]
	at java.lang.Class.privateGetDeclaredMethods(Class.java:2701) ~[na:1.8.0_121]
	at java.lang.Class.getDeclaredMethods(Class.java:1975) ~[na:1.8.0_121]
	at org.springframework.util.ReflectionUtils.getDeclaredMethods(ReflectionUtils.java:668) ~[spring-core-5.1.5.RELEASE.jar:5.1.5.RELEASE]
	... 48 common frames omitted
Caused by: java.lang.ClassNotFoundException: org.springframework.kafka.core.KafkaAdmin
	at java.net.URLClassLoader.findClass(URLClassLoader.java:381) ~[na:1.8.0_121]
	at java.lang.ClassLoader.loadClass(ClassLoader.java:424) ~[na:1.8.0_121]
	at sun.misc.Launcher$AppClassLoader.loadClass(Launcher.java:331) ~[na:1.8.0_121]
	at java.lang.ClassLoader.loadClass(ClassLoader.java:357) ~[na:1.8.0_121]
	... 52 common frames omitted

2019-06-13 16:09:14.886 ERROR 12056 --- [           main] o.s.test.context.TestContextManager      : Caught exception while allowing TestExecutionListener [org.springframework.test.context.web.ServletTestExecutionListener@67c27493] to prepare test instance [com.example.study.queue.StudyQueueApplicationTests@6fff253c]

java.lang.IllegalStateException: Failed to load ApplicationContext
	at org.springframework.test.context.cache.DefaultCacheAwareContextLoaderDelegate.loadContext(DefaultCacheAwareContextLoaderDelegate.java:125) ~[spring-test-5.1.5.RELEASE.jar:5.1.5.RELEASE]
	at org.springframework.test.context.support.DefaultTestContext.getApplicationContext(DefaultTestContext.java:108) ~[spring-test-5.1.5.RELEASE.jar:5.1.5.RELEASE]
	at org.springframework.test.context.web.ServletTestExecutionListener.setUpRequestContextIfNecessary(ServletTestExecutionListener.java:190) ~[spring-test-5.1.5.RELEASE.jar:5.1.5.RELEASE]
	at org.springframework.test.context.web.ServletTestExecutionListener.prepareTestInstance(ServletTestExecutionListener.java:132) ~[spring-test-5.1.5.RELEASE.jar:5.1.5.RELEASE]
	at org.springframework.test.context.TestContextManager.prepareTestInstance(TestContextManager.java:246) ~[spring-test-5.1.5.RELEASE.jar:5.1.5.RELEASE]
	at org.springframework.test.context.junit4.SpringJUnit4ClassRunner.createTest(SpringJUnit4ClassRunner.java:227) [spring-test-5.1.5.RELEASE.jar:5.1.5.RELEASE]
	at org.springframework.test.context.junit4.SpringJUnit4ClassRunner$1.runReflectiveCall(SpringJUnit4ClassRunner.java:289) [spring-test-5.1.5.RELEASE.jar:5.1.5.RELEASE]
	at org.junit.internal.runners.model.ReflectiveCallable.run(ReflectiveCallable.java:12) [junit-4.12.jar:4.12]
	at org.springframework.test.context.junit4.SpringJUnit4ClassRunner.methodBlock(SpringJUnit4ClassRunner.java:291) [spring-test-5.1.5.RELEASE.jar:5.1.5.RELEASE]
	at org.springframework.test.context.junit4.SpringJUnit4ClassRunner.runChild(SpringJUnit4ClassRunner.java:246) [spring-test-5.1.5.RELEASE.jar:5.1.5.RELEASE]
	at org.springframework.test.context.junit4.SpringJUnit4ClassRunner.runChild(SpringJUnit4ClassRunner.java:97) [spring-test-5.1.5.RELEASE.jar:5.1.5.RELEASE]
	at org.junit.runners.ParentRunner$3.run(ParentRunner.java:290) [junit-4.12.jar:4.12]
	at org.junit.runners.ParentRunner$1.schedule(ParentRunner.java:71) [junit-4.12.jar:4.12]
	at org.junit.runners.ParentRunner.runChildren(ParentRunner.java:288) [junit-4.12.jar:4.12]
	at org.junit.runners.ParentRunner.access$000(ParentRunner.java:58) [junit-4.12.jar:4.12]
	at org.junit.runners.ParentRunner$2.evaluate(ParentRunner.java:268) [junit-4.12.jar:4.12]
	at org.springframework.test.context.junit4.statements.RunBeforeTestClassCallbacks.evaluate(RunBeforeTestClassCallbacks.java:61) [spring-test-5.1.5.RELEASE.jar:5.1.5.RELEASE]
	at org.springframework.test.context.junit4.statements.RunAfterTestClassCallbacks.evaluate(RunAfterTestClassCallbacks.java:70) [spring-test-5.1.5.RELEASE.jar:5.1.5.RELEASE]
	at org.junit.runners.ParentRunner.run(ParentRunner.java:363) [junit-4.12.jar:4.12]
	at org.springframework.test.context.junit4.SpringJUnit4ClassRunner.run(SpringJUnit4ClassRunner.java:190) [spring-test-5.1.5.RELEASE.jar:5.1.5.RELEASE]
	at org.apache.maven.surefire.junit4.JUnit4Provider.execute(JUnit4Provider.java:365) [surefire-junit4-2.22.1.jar:2.22.1]
	at org.apache.maven.surefire.junit4.JUnit4Provider.executeWithRerun(JUnit4Provider.java:273) [surefire-junit4-2.22.1.jar:2.22.1]
	at org.apache.maven.surefire.junit4.JUnit4Provider.executeTestSet(JUnit4Provider.java:238) [surefire-junit4-2.22.1.jar:2.22.1]
	at org.apache.maven.surefire.junit4.JUnit4Provider.invoke(JUnit4Provider.java:159) [surefire-junit4-2.22.1.jar:2.22.1]
	at org.apache.maven.surefire.booter.ForkedBooter.invokeProviderInSameClassLoader(ForkedBooter.java:384) [surefire-booter-2.22.1.jar:2.22.1]
	at org.apache.maven.surefire.booter.ForkedBooter.runSuitesInProcess(ForkedBooter.java:345) [surefire-booter-2.22.1.jar:2.22.1]
	at org.apache.maven.surefire.booter.ForkedBooter.execute(ForkedBooter.java:126) [surefire-booter-2.22.1.jar:2.22.1]
	at org.apache.maven.surefire.booter.ForkedBooter.main(ForkedBooter.java:418) [surefire-booter-2.22.1.jar:2.22.1]
Caused by: java.lang.IllegalStateException: Error processing condition on org.springframework.boot.autoconfigure.kafka.KafkaAutoConfiguration.kafkaProducerListener
	at org.springframework.boot.autoconfigure.condition.SpringBootCondition.matches(SpringBootCondition.java:64) ~[spring-boot-autoconfigure-2.1.3.RELEASE.jar:2.1.3.RELEASE]
	at org.springframework.context.annotation.ConditionEvaluator.shouldSkip(ConditionEvaluator.java:108) ~[spring-context-5.1.5.RELEASE.jar:5.1.5.RELEASE]
	at org.springframework.context.annotation.ConfigurationClassBeanDefinitionReader.loadBeanDefinitionsForBeanMethod(ConfigurationClassBeanDefinitionReader.java:181) ~[spring-context-5.1.5.RELEASE.jar:5.1.5.RELEASE]
	at org.springframework.context.annotation.ConfigurationClassBeanDefinitionReader.loadBeanDefinitionsForConfigurationClass(ConfigurationClassBeanDefinitionReader.java:141) ~[spring-context-5.1.5.RELEASE.jar:5.1.5.RELEASE]
	at org.springframework.context.annotation.ConfigurationClassBeanDefinitionReader.loadBeanDefinitions(ConfigurationClassBeanDefinitionReader.java:117) ~[spring-context-5.1.5.RELEASE.jar:5.1.5.RELEASE]
	at org.springframework.context.annotation.ConfigurationClassPostProcessor.processConfigBeanDefinitions(ConfigurationClassPostProcessor.java:327) ~[spring-context-5.1.5.RELEASE.jar:5.1.5.RELEASE]
	at org.springframework.context.annotation.ConfigurationClassPostProcessor.postProcessBeanDefinitionRegistry(ConfigurationClassPostProcessor.java:232) ~[spring-context-5.1.5.RELEASE.jar:5.1.5.RELEASE]
	at org.springframework.context.support.PostProcessorRegistrationDelegate.invokeBeanDefinitionRegistryPostProcessors(PostProcessorRegistrationDelegate.java:275) ~[spring-context-5.1.5.RELEASE.jar:5.1.5.RELEASE]
	at org.springframework.context.support.PostProcessorRegistrationDelegate.invokeBeanFactoryPostProcessors(PostProcessorRegistrationDelegate.java:95) ~[spring-context-5.1.5.RELEASE.jar:5.1.5.RELEASE]
	at org.springframework.context.support.AbstractApplicationContext.invokeBeanFactoryPostProcessors(AbstractApplicationContext.java:705) ~[spring-context-5.1.5.RELEASE.jar:5.1.5.RELEASE]
	at org.springframework.context.support.AbstractApplicationContext.refresh(AbstractApplicationContext.java:531) ~[spring-context-5.1.5.RELEASE.jar:5.1.5.RELEASE]
	at org.springframework.boot.SpringApplication.refresh(SpringApplication.java:775) ~[spring-boot-2.1.3.RELEASE.jar:2.1.3.RELEASE]
	at org.springframework.boot.SpringApplication.refreshContext(SpringApplication.java:397) ~[spring-boot-2.1.3.RELEASE.jar:2.1.3.RELEASE]
	at org.springframework.boot.SpringApplication.run(SpringApplication.java:316) ~[spring-boot-2.1.3.RELEASE.jar:2.1.3.RELEASE]
	at org.springframework.boot.test.context.SpringBootContextLoader.loadContext(SpringBootContextLoader.java:127) ~[spring-boot-test-2.1.3.RELEASE.jar:2.1.3.RELEASE]
	at org.springframework.test.context.cache.DefaultCacheAwareContextLoaderDelegate.loadContextInternal(DefaultCacheAwareContextLoaderDelegate.java:99) ~[spring-test-5.1.5.RELEASE.jar:5.1.5.RELEASE]
	at org.springframework.test.context.cache.DefaultCacheAwareContextLoaderDelegate.loadContext(DefaultCacheAwareContextLoaderDelegate.java:117) ~[spring-test-5.1.5.RELEASE.jar:5.1.5.RELEASE]
	... 27 common frames omitted
Caused by: java.lang.IllegalStateException: Failed to introspect Class [org.springframework.boot.autoconfigure.kafka.KafkaAutoConfiguration] from ClassLoader [sun.misc.Launcher$AppClassLoader@4aa298b7]
	at org.springframework.util.ReflectionUtils.getDeclaredMethods(ReflectionUtils.java:686) ~[spring-core-5.1.5.RELEASE.jar:5.1.5.RELEASE]
	at org.springframework.util.ReflectionUtils.doWithMethods(ReflectionUtils.java:583) ~[spring-core-5.1.5.RELEASE.jar:5.1.5.RELEASE]
	at org.springframework.util.ReflectionUtils.doWithMethods(ReflectionUtils.java:568) ~[spring-core-5.1.5.RELEASE.jar:5.1.5.RELEASE]
	at org.springframework.util.ReflectionUtils.getUniqueDeclaredMethods(ReflectionUtils.java:626) ~[spring-core-5.1.5.RELEASE.jar:5.1.5.RELEASE]
	at java.util.concurrent.ConcurrentHashMap.computeIfAbsent(ConcurrentHashMap.java:1688) ~[na:1.8.0_121]
	at org.springframework.beans.factory.support.AbstractAutowireCapableBeanFactory.getTypeForFactoryMethod(AbstractAutowireCapableBeanFactory.java:738) ~[spring-beans-5.1.5.RELEASE.jar:5.1.5.RELEASE]
	at org.springframework.beans.factory.support.AbstractAutowireCapableBeanFactory.determineTargetType(AbstractAutowireCapableBeanFactory.java:679) ~[spring-beans-5.1.5.RELEASE.jar:5.1.5.RELEASE]
	at org.springframework.beans.factory.support.AbstractAutowireCapableBeanFactory.predictBeanType(AbstractAutowireCapableBeanFactory.java:647) ~[spring-beans-5.1.5.RELEASE.jar:5.1.5.RELEASE]
	at org.springframework.beans.factory.support.AbstractBeanFactory.isFactoryBean(AbstractBeanFactory.java:1518) ~[spring-beans-5.1.5.RELEASE.jar:5.1.5.RELEASE]
	at org.springframework.beans.factory.support.AbstractBeanFactory.isFactoryBean(AbstractBeanFactory.java:1023) ~[spring-beans-5.1.5.RELEASE.jar:5.1.5.RELEASE]
	at org.springframework.boot.autoconfigure.condition.BeanTypeRegistry.addBeanTypeForNonAliasDefinition(BeanTypeRegistry.java:195) ~[spring-boot-autoconfigure-2.1.3.RELEASE.jar:2.1.3.RELEASE]
	at org.springframework.boot.autoconfigure.condition.BeanTypeRegistry.addBeanTypeForNonAliasDefinition(BeanTypeRegistry.java:159) ~[spring-boot-autoconfigure-2.1.3.RELEASE.jar:2.1.3.RELEASE]
	at org.springframework.boot.autoconfigure.condition.BeanTypeRegistry.addBeanType(BeanTypeRegistry.java:152) ~[spring-boot-autoconfigure-2.1.3.RELEASE.jar:2.1.3.RELEASE]
	at org.springframework.boot.autoconfigure.condition.BeanTypeRegistry.updateTypesIfNecessary(BeanTypeRegistry.java:140) ~[spring-boot-autoconfigure-2.1.3.RELEASE.jar:2.1.3.RELEASE]
	at java.util.Iterator.forEachRemaining(Iterator.java:116) ~[na:1.8.0_121]
	at org.springframework.boot.autoconfigure.condition.BeanTypeRegistry.updateTypesIfNecessary(BeanTypeRegistry.java:135) ~[spring-boot-autoconfigure-2.1.3.RELEASE.jar:2.1.3.RELEASE]
	at org.springframework.boot.autoconfigure.condition.BeanTypeRegistry.getNamesForType(BeanTypeRegistry.java:97) ~[spring-boot-autoconfigure-2.1.3.RELEASE.jar:2.1.3.RELEASE]
	at org.springframework.boot.autoconfigure.condition.OnBeanCondition.collectBeanNamesForType(OnBeanCondition.java:298) ~[spring-boot-autoconfigure-2.1.3.RELEASE.jar:2.1.3.RELEASE]
	at org.springframework.boot.autoconfigure.condition.OnBeanCondition.getBeanNamesForType(OnBeanCondition.java:289) ~[spring-boot-autoconfigure-2.1.3.RELEASE.jar:2.1.3.RELEASE]
	at org.springframework.boot.autoconfigure.condition.OnBeanCondition.getBeanNamesForType(OnBeanCondition.java:278) ~[spring-boot-autoconfigure-2.1.3.RELEASE.jar:2.1.3.RELEASE]
	at org.springframework.boot.autoconfigure.condition.OnBeanCondition.getMatchingBeans(OnBeanCondition.java:189) ~[spring-boot-autoconfigure-2.1.3.RELEASE.jar:2.1.3.RELEASE]
	at org.springframework.boot.autoconfigure.condition.OnBeanCondition.getMatchOutcome(OnBeanCondition.java:160) ~[spring-boot-autoconfigure-2.1.3.RELEASE.jar:2.1.3.RELEASE]
	at org.springframework.boot.autoconfigure.condition.SpringBootCondition.matches(SpringBootCondition.java:47) ~[spring-boot-autoconfigure-2.1.3.RELEASE.jar:2.1.3.RELEASE]
	... 43 common frames omitted
Caused by: java.lang.NoClassDefFoundError: org/springframework/kafka/core/KafkaAdmin
	at java.lang.Class.getDeclaredMethods0(Native Method) ~[na:1.8.0_121]
	at java.lang.Class.privateGetDeclaredMethods(Class.java:2701) ~[na:1.8.0_121]
	at java.lang.Class.getDeclaredMethods(Class.java:1975) ~[na:1.8.0_121]
	at org.springframework.util.ReflectionUtils.getDeclaredMethods(ReflectionUtils.java:668) ~[spring-core-5.1.5.RELEASE.jar:5.1.5.RELEASE]
	... 65 common frames omitted
Caused by: java.lang.ClassNotFoundException: org.springframework.kafka.core.KafkaAdmin
	at java.net.URLClassLoader.findClass(URLClassLoader.java:381) ~[na:1.8.0_121]
	at java.lang.ClassLoader.loadClass(ClassLoader.java:424) ~[na:1.8.0_121]
	at sun.misc.Launcher$AppClassLoader.loadClass(Launcher.java:331) ~[na:1.8.0_121]
	at java.lang.ClassLoader.loadClass(ClassLoader.java:357) ~[na:1.8.0_121]
	... 69 common frames omitted

]]></system-out>
  </testcase>
</testsuite>